Determining if the pthread_create exist failed with the following output:
Change Dir: /home/nvidia/git/repos/ros/catkin_ws/build/CMakeFiles/CMakeTmp

Run Build Command:"/usr/bin/make" "cmTC_36d30/fast"
/usr/bin/make -f CMakeFiles/cmTC_36d30.dir/build.make CMakeFiles/cmTC_36d30.dir/build
make[1]: Entering directory '/home/nvidia/git/repos/ros/catkin_ws/build/CMakeFiles/CMakeTmp'
Building C object CMakeFiles/cmTC_36d30.dir/CheckSymbolExists.c.o
/usr/bin/cc     -o CMakeFiles/cmTC_36d30.dir/CheckSymbolExists.c.o   -c /home/nvidia/git/repos/ros/catkin_ws/build/CMakeFiles/CMakeTmp/CheckSymbolExists.c
Linking C executable cmTC_36d30
/usr/bin/cmake -E cmake_link_script CMakeFiles/cmTC_36d30.dir/link.txt --verbose=1
/usr/bin/cc       CMakeFiles/cmTC_36d30.dir/CheckSymbolExists.c.o  -o cmTC_36d30 -rdynamic 
CMakeFiles/cmTC_36d30.dir/CheckSymbolExists.c.o：在函数‘main’中：
CheckSymbolExists.c:(.text+0x14)：对‘pthread_create’未定义的引用
CheckSymbolExists.c:(.text+0x18)：对‘pthread_create’未定义的引用
collect2: error: ld returned 1 exit status
CMakeFiles/cmTC_36d30.dir/build.make:97: recipe for target 'cmTC_36d30' failed
make[1]: *** [cmTC_36d30] Error 1
make[1]: Leaving directory '/home/nvidia/git/repos/ros/catkin_ws/build/CMakeFiles/CMakeTmp'
Makefile:126: recipe for target 'cmTC_36d30/fast' failed
make: *** [cmTC_36d30/fast] Error 2

File /home/nvidia/git/repos/ros/catkin_ws/build/CMakeFiles/CMakeTmp/CheckSymbolExists.c:
/* */
#include <pthread.h>

int main(int argc, char** argv)
{
  (void)argv;
#ifndef pthread_create
  return ((int*)(&pthread_create))[argc];
#else
  (void)argc;
  return 0;
#endif
}

Determining if the function pthread_create exists in the pthreads failed with the following output:
Change Dir: /home/nvidia/git/repos/ros/catkin_ws/build/CMakeFiles/CMakeTmp

Run Build Command:"/usr/bin/make" "cmTC_d849e/fast"
/usr/bin/make -f CMakeFiles/cmTC_d849e.dir/build.make CMakeFiles/cmTC_d849e.dir/build
make[1]: Entering directory '/home/nvidia/git/repos/ros/catkin_ws/build/CMakeFiles/CMakeTmp'
Building C object CMakeFiles/cmTC_d849e.dir/CheckFunctionExists.c.o
/usr/bin/cc    -DCHECK_FUNCTION_EXISTS=pthread_create   -o CMakeFiles/cmTC_d849e.dir/CheckFunctionExists.c.o   -c /usr/share/cmake-3.5/Modules/CheckFunctionExists.c
Linking C executable cmTC_d849e
/usr/bin/cmake -E cmake_link_script CMakeFiles/cmTC_d849e.dir/link.txt --verbose=1
/usr/bin/cc   -DCHECK_FUNCTION_EXISTS=pthread_create    CMakeFiles/cmTC_d849e.dir/CheckFunctionExists.c.o  -o cmTC_d849e -rdynamic -lpthreads 
/usr/bin/ld: 找不到 -lpthreads
collect2: error: ld returned 1 exit status
CMakeFiles/cmTC_d849e.dir/build.make:97: recipe for target 'cmTC_d849e' failed
make[1]: *** [cmTC_d849e] Error 1
make[1]: Leaving directory '/home/nvidia/git/repos/ros/catkin_ws/build/CMakeFiles/CMakeTmp'
Makefile:126: recipe for target 'cmTC_d849e/fast' failed
make: *** [cmTC_d849e/fast] Error 2


